Arguments: 
  /usr/local/bin/node /Users/naso/.yarn/bin/yarn.js add react-puppeteer

PATH: 
  ~/mongodb-macos-x86_64-enterprise-4.2.2/bin:/Users/naso/.yarn/bin:/Users/naso/.config/yarn/global/node_modules/.bin:/Library/Frameworks/Python.framework/Versions/3.7/bin:/usr/local/bin:/usr/bin:/bin:/usr/sbin:/sbin:~/mongodb-macos-x86_64-enterprise-4.2.2/bin:/Users/naso/.yarn/bin:/Users/naso/.config/yarn/global/node_modules/.bin:/Library/Frameworks/Python.framework/Versions/3.7/bin

Yarn version: 
  1.21.1

Node version: 
  12.16.3

Platform: 
  darwin x64

Trace: 
  Error: https://registry.yarnpkg.com/react-puppeteer: Not found
      at Request.params.callback [as _callback] (/Users/naso/.yarn/lib/cli.js:66947:18)
      at Request.self.callback (/Users/naso/.yarn/lib/cli.js:140665:22)
      at Request.emit (events.js:310:20)
      at Request.<anonymous> (/Users/naso/.yarn/lib/cli.js:141637:10)
      at Request.emit (events.js:310:20)
      at IncomingMessage.<anonymous> (/Users/naso/.yarn/lib/cli.js:141559:12)
      at Object.onceWrapper (events.js:416:28)
      at IncomingMessage.emit (events.js:322:22)
      at endReadableNT (_stream_readable.js:1187:12)
      at processTicksAndRejections (internal/process/task_queues.js:84:21)

npm manifest: 
  {
    "name": "my-app",
    "version": "0.1.0",
    "private": true,
    "dependencies": {
      "@testing-library/jest-dom": "^5.11.4",
      "@testing-library/react": "^11.1.0",
      "@testing-library/user-event": "^7.1.2",
      "@types/d3-ease": "^1.0.9",
      "@types/jest": "^26.0.14",
      "@types/node": "^14.10.3",
      "@types/react": "^16.9.49",
      "@types/react-dom": "^16.9.8",
      "@types/react-redux": "^7.1.9",
      "@types/react-router-dom": "^5.1.5",
      "@types/react-router-hash-link": "^1.2.1",
      "@types/react-test-renderer": "^16.9.3",
      "add": "^2.0.6",
      "all": "^0.0.0",
      "axios": "^0.20.0",
      "d3-ease": "^2.0.0",
      "dotenv": "^8.2.0",
      "jest": "^26.5.3",
      "react": "^16.13.1",
      "react-circle": "^1.1.1",
      "react-circular-progressbar": "^2.0.3",
      "react-dom": "^16.13.1",
      "react-google-places-autocomplete": "^3.0.0",
      "react-move": "^6.4.0",
      "react-redux": "^7.2.1",
      "react-router-dom": "^5.2.0",
      "react-router-hash-link": "^2.1.0",
      "react-scripts": "3.4.3",
      "react-spinner-material": "^1.3.1",
      "react-test-renderer": "^16.14.0",
      "redux": "^4.0.5",
      "redux-persist": "^6.0.0",
      "redux-thunk": "^2.3.0",
      "ts-jest": "^26.4.1",
      "typescript": "^4.0.2",
      "yarn": "^1.22.10"
    },
    "scripts": {
      "start": "react-scripts start",
      "build": "react-scripts build",
      "test": "react-scripts test",
      "test:coverage": "react-scripts test --coverage --runInBand --watchAll=false",
      "coverage": "jest --coverage",
      "eject": "react-scripts eject",
      "lint": "eslint '*/**/*.{ts,tsx}' --quiet --fix"
    },
    "eslintConfig": {
      "extends": "react-app"
    },
    "browserslist": {
      "production": [
        ">0.2%",
        "not dead",
        "not op_mini all"
      ],
      "development": [
        "last 1 chrome version",
        "last 1 firefox version",
        "last 1 safari version"
      ]
    },
    "devDependencies": {
      "@babel/core": "^7.12.1",
      "@babel/preset-env": "^7.12.1",
      "@babel/preset-react": "^7.12.1",
      "@babel/preset-typescript": "^7.12.1",
      "@types/dotenv": "^8.2.0",
      "@types/enzyme": "^3.10.8",
      "@types/enzyme-adapter-react-16": "^1.0.6",
      "@types/jsdom": "^16.2.4",
      "@typescript-eslint/eslint-plugin": "^4.1.1",
      "@typescript-eslint/parser": "^4.1.1",
      "enzyme": "^3.11.0",
      "enzyme-adapter-react-16": "^1.15.5",
      "enzyme-to-json": "^3.6.1",
      "eslint": "^7.9.0",
      "eslint-config-prettier": "^6.11.0",
      "eslint-plugin-prettier": "^3.1.4",
      "eslint-plugin-react": "^7.20.6",
      "prettier": "^2.1.2",
      "redux-mock-store": "^1.5.4"
    }
  }

yarn manifest: 
  No manifest

Lockfile: 
  No lockfile
